<?xml version="1.0" encoding="utf-8"?><testsuites name="pytest tests"><testsuite name="pytest" errors="0" failures="0" skipped="0" tests="20" time="12.181" timestamp="2026-04-29T15:55:48.140876+00:00" hostname="agent-env-364ba2be-f714-4272-b4c0-dbe036152d57"><testcase classname="backend.tests.backend_test.TestHealth" name="test_health_ok" time="0.139" /><testcase classname="backend.tests.backend_test.TestSignup" name="test_signup_success_returns_jwt_and_customer" time="0.430" /><testcase classname="backend.tests.backend_test.TestSignup" name="test_signup_duplicate_email_returns_409" time="0.419" /><testcase classname="backend.tests.backend_test.TestSignup" name="test_signup_short_password_returns_400" time="0.069" /><testcase classname="backend.tests.backend_test.TestSignup" name="test_signup_missing_fullname_returns_400" time="0.063" /><testcase classname="backend.tests.backend_test.TestLogin" name="test_login_success" time="0.754" /><testcase classname="backend.tests.backend_test.TestLogin" name="test_login_wrong_password_returns_401" time="0.732" /><testcase classname="backend.tests.backend_test.TestLogin" name="test_login_unknown_email_returns_401" time="0.052" /><testcase classname="backend.tests.backend_test.TestMe" name="test_me_with_token" time="0.432" /><testcase classname="backend.tests.backend_test.TestMe" name="test_me_without_token_unauthorized" time="0.112" /><testcase classname="backend.tests.backend_test.TestMe" name="test_me_with_bad_token" time="0.123" /><testcase classname="backend.tests.backend_test.TestCustomersList" name="test_list_customers_admin_ok" time="0.803" /><testcase classname="backend.tests.backend_test.TestCustomersList" name="test_list_customers_customer_forbidden" time="0.419" /><testcase classname="backend.tests.backend_test.TestCustomersList" name="test_list_customers_anonymous_unauthorized" time="0.151" /><testcase classname="backend.tests.backend_test.TestCustomerDetail" name="test_self_can_read_own" time="0.424" /><testcase classname="backend.tests.backend_test.TestCustomerDetail" name="test_other_customer_forbidden" time="0.787" /><testcase classname="backend.tests.backend_test.TestCustomerDetail" name="test_admin_can_read_any" time="0.414" /><testcase classname="backend.tests.backend_test.TestCustomerPatch" name="test_patch_self_updates_onboarding_fields" time="0.464" /><testcase classname="backend.tests.backend_test.TestCustomerPatch" name="test_patch_other_customer_forbidden" time="0.786" /><testcase classname="backend.tests.backend_test.TestJwtPersistence" name="test_token_still_valid_after_backend_restart" time="4.513" /></testsuite></testsuites>